Started GET "/" for 127.0.0.1 at 2018-03-19 12:32:14 +0530
  
NoMethodError (undefined method `raise_in_transactional_callbacks=' for ActiveRecord::Base:Class):
  
activerecord (5.1.5) lib/active_record/dynamic_matchers.rb:22:in `method_missing'
activerecord (5.1.5) lib/active_record/railtie.rb:112:in `block (3 levels) in <class:Railtie>'
activerecord (5.1.5) lib/active_record/railtie.rb:111:in `each'
activerecord (5.1.5) lib/active_record/railtie.rb:111:in `block (2 levels) in <class:Railtie>'
activesupport (5.1.5) lib/active_support/lazy_load_hooks.rb:69:in `instance_eval'
activesupport (5.1.5) lib/active_support/lazy_load_hooks.rb:69:in `block in execute_hook'
activesupport (5.1.5) lib/active_support/lazy_load_hooks.rb:60:in `with_execution_control'
activesupport (5.1.5) lib/active_support/lazy_load_hooks.rb:65:in `execute_hook'
activesupport (5.1.5) lib/active_support/lazy_load_hooks.rb:50:in `block in run_load_hooks'
activesupport (5.1.5) lib/active_support/lazy_load_hooks.rb:49:in `each'
activesupport (5.1.5) lib/active_support/lazy_load_hooks.rb:49:in `run_load_hooks'
activerecord (5.1.5) lib/active_record/base.rb:326:in `<module:ActiveRecord>'
activerecord (5.1.5) lib/active_record/base.rb:25:in `<top (required)>'
activesupport (5.1.5) lib/active_support/dependencies.rb:292:in `require'
activesupport (5.1.5) lib/active_support/dependencies.rb:292:in `block in require'
activesupport (5.1.5) lib/active_support/dependencies.rb:258:in `load_dependency'
activesupport (5.1.5) lib/active_support/dependencies.rb:292:in `require'
activerecord (5.1.5) lib/active_record/migration.rb:562:in `connection'
activerecord (5.1.5) lib/active_record/migration.rb:553:in `call'
actionpack (5.1.5) lib/action_dispatch/middleware/callbacks.rb:26:in `block in call'
activesupport (5.1.5) lib/active_support/callbacks.rb:97:in `run_callbacks'
actionpack (5.1.5) lib/action_dispatch/middleware/callbacks.rb:24:in `call'
actionpack (5.1.5) lib/action_dispatch/middleware/executor.rb:12:in `call'
actionpack (5.1.5) lib/action_dispatch/middleware/debug_exceptions.rb:59:in `call'
web-console (3.5.1) lib/web_console/middleware.rb:135:in `call_app'
web-console (3.5.1) lib/web_console/middleware.rb:28:in `block in call'
web-console (3.5.1) lib/web_console/middleware.rb:18:in `catch'
web-console (3.5.1) lib/web_console/middleware.rb:18:in `call'
actionpack (5.1.5) lib/action_dispatch/middleware/show_exceptions.rb:31:in `call'
railties (5.1.5) lib/rails/rack/logger.rb:36:in `call_app'
railties (5.1.5) lib/rails/rack/logger.rb:24:in `block in call'
activesupport (5.1.5) lib/active_support/tagged_logging.rb:69:in `block in tagged'
activesupport (5.1.5) lib/active_support/tagged_logging.rb:26:in `tagged'
activesupport (5.1.5) lib/active_support/tagged_logging.rb:69:in `tagged'
railties (5.1.5) lib/rails/rack/logger.rb:24:in `call'
actionpack (5.1.5) lib/action_dispatch/middleware/remote_ip.rb:79:in `call'
actionpack (5.1.5) lib/action_dispatch/middleware/request_id.rb:25:in `call'
rack (2.0.4) lib/rack/method_override.rb:22:in `call'
rack (2.0.4) lib/rack/runtime.rb:22:in `call'
activesupport (5.1.5) lib/active_support/cache/strategy/local_cache_middleware.rb:27:in `call'
actionpack (5.1.5) lib/action_dispatch/middleware/executor.rb:12:in `call'
actionpack (5.1.5) lib/action_dispatch/middleware/static.rb:125:in `call'
rack (2.0.4) lib/rack/sendfile.rb:111:in `call'
railties (5.1.5) lib/rails/engine.rb:522:in `call'
puma (3.11.3) lib/puma/configuration.rb:225:in `call'
puma (3.11.3) lib/puma/server.rb:624:in `handle_request'
puma (3.11.3) lib/puma/server.rb:438:in `process_client'
puma (3.11.3) lib/puma/server.rb:302:in `block in run'
puma (3.11.3) lib/puma/thread_pool.rb:120:in `block in spawn_thread'
  [1m[35m (0.1ms)[0m  [1m[34mSELECT sqlite_version(*)[0m
  [1m[35m (87.1ms)[0m  [1m[35mCREATE TABLE "schema_migrations" ("version" varchar NOT NULL PRIMARY KEY)[0m
  [1m[35m (94.4ms)[0m  [1m[35mCREATE TABLE "ar_internal_metadata" ("key" varchar NOT NULL PRIMARY KEY, "value" varchar, "created_at" datetime NOT NULL, "updated_at" datetime NOT NULL)[0m
  [1m[35m (0.3ms)[0m  [1m[34mSELECT "schema_migrations"."version" FROM "schema_migrations" ORDER BY "schema_migrations"."version" ASC[0m
Migrating to CreateArticles (20160607230810)
  [1m[35m (0.1ms)[0m  [1m[36mbegin transaction[0m
  [1m[35m (0.3ms)[0m  [1m[35mCREATE TABLE "articles" ("id" INTEGER PRIMARY KEY AUTOINCREMENT NOT NULL, "title" varchar)[0m
  [1m[35mSQL (0.3ms)[0m  [1m[32mINSERT INTO "schema_migrations" ("version") VALUES (?)[0m  [["version", "20160607230810"]]
  [1m[35m (89.4ms)[0m  [1m[36mcommit transaction[0m
Migrating to AddMigrationToArticles (20160607232754)
  [1m[35m (0.2ms)[0m  [1m[36mbegin transaction[0m
  [1m[35m (0.9ms)[0m  [1m[35mALTER TABLE "articles" ADD "description" text[0m
  [1m[35m (0.6ms)[0m  [1m[35mALTER TABLE "articles" ADD "created_at" datetime[0m
  [1m[35m (0.5ms)[0m  [1m[35mALTER TABLE "articles" ADD "updated_at" datetime[0m
  [1m[35mSQL (0.4ms)[0m  [1m[32mINSERT INTO "schema_migrations" ("version") VALUES (?)[0m  [["version", "20160607232754"]]
  [1m[35m (66.0ms)[0m  [1m[36mcommit transaction[0m
Migrating to CreateUsers (20160628113552)
  [1m[35m (0.2ms)[0m  [1m[36mbegin transaction[0m
  [1m[35m (0.9ms)[0m  [1m[35mCREATE TABLE "users" ("id" INTEGER PRIMARY KEY AUTOINCREMENT NOT NULL, "username" varchar, "email" varchar, "created_at" datetime NOT NULL, "updated_at" datetime NOT NULL)[0m
  [1m[35mSQL (0.5ms)[0m  [1m[32mINSERT INTO "schema_migrations" ("version") VALUES (?)[0m  [["version", "20160628113552"]]
  [1m[35m (80.0ms)[0m  [1m[36mcommit transaction[0m
Migrating to AddUserIdToArticles (20160629011730)
  [1m[35m (0.2ms)[0m  [1m[36mbegin transaction[0m
  [1m[35m (0.5ms)[0m  [1m[35mALTER TABLE "articles" ADD "user_id" integer[0m
  [1m[35mSQL (0.2ms)[0m  [1m[32mINSERT INTO "schema_migrations" ("version") VALUES (?)[0m  [["version", "20160629011730"]]
  [1m[35m (62.1ms)[0m  [1m[36mcommit transaction[0m
Migrating to AddPasswordDigestToUsers (20160630171547)
  [1m[35m (0.1ms)[0m  [1m[36mbegin transaction[0m
  [1m[35m (0.3ms)[0m  [1m[35mALTER TABLE "users" ADD "password_digest" varchar[0m
  [1m[35mSQL (0.1ms)[0m  [1m[32mINSERT INTO "schema_migrations" ("version") VALUES (?)[0m  [["version", "20160630171547"]]
  [1m[35m (61.4ms)[0m  [1m[36mcommit transaction[0m
Migrating to AddBiodataToUser (20160701014543)
  [1m[35m (0.1ms)[0m  [1m[36mbegin transaction[0m
  [1m[35m (0.3ms)[0m  [1m[35mALTER TABLE "users" ADD "fname" varchar[0m
  [1m[35m (0.1ms)[0m  [1m[35mALTER TABLE "users" ADD "lname" varchar[0m
  [1m[35m (0.1ms)[0m  [1m[35mALTER TABLE "users" ADD "dob" datetime[0m
  [1m[35mSQL (0.1ms)[0m  [1m[32mINSERT INTO "schema_migrations" ("version") VALUES (?)[0m  [["version", "20160701014543"]]
  [1m[35m (86.1ms)[0m  [1m[36mcommit transaction[0m
  [1m[36mActiveRecord::InternalMetadata Load (0.5ms)[0m  [1m[34mSELECT  "ar_internal_metadata".* FROM "ar_internal_metadata" WHERE "ar_internal_metadata"."key" = ? LIMIT ?[0m  [["key", "environment"], ["LIMIT", 1]]
  [1m[35m (0.1ms)[0m  [1m[36mbegin transaction[0m
  [1m[35mSQL (0.3ms)[0m  [1m[32mINSERT INTO "ar_internal_metadata" ("key", "value", "created_at", "updated_at") VALUES (?, ?, ?, ?)[0m  [["key", "environment"], ["value", "development"], ["created_at", "2018-03-19 07:05:12.314266"], ["updated_at", "2018-03-19 07:05:12.314266"]]
  [1m[35m (63.6ms)[0m  [1m[36mcommit transaction[0m
  [1m[35m (0.1ms)[0m  [1m[34mSELECT "schema_migrations"."version" FROM "schema_migrations" ORDER BY "schema_migrations"."version" ASC[0m
Started GET "/" for 127.0.0.1 at 2018-03-19 12:35:17 +0530
  
ActiveRecord::ConnectionNotEstablished (No connection pool with 'primary' found.):
  
activerecord (5.1.5) lib/active_record/connection_adapters/abstract/connection_pool.rb:930:in `retrieve_connection'
activerecord (5.1.5) lib/active_record/connection_handling.rb:116:in `retrieve_connection'
activerecord (5.1.5) lib/active_record/connection_handling.rb:88:in `connection'
activerecord (5.1.5) lib/active_record/migration.rb:562:in `connection'
activerecord (5.1.5) lib/active_record/migration.rb:553:in `call'
actionpack (5.1.5) lib/action_dispatch/middleware/callbacks.rb:26:in `block in call'
activesupport (5.1.5) lib/active_support/callbacks.rb:97:in `run_callbacks'
actionpack (5.1.5) lib/action_dispatch/middleware/callbacks.rb:24:in `call'
actionpack (5.1.5) lib/action_dispatch/middleware/executor.rb:12:in `call'
actionpack (5.1.5) lib/action_dispatch/middleware/debug_exceptions.rb:59:in `call'
web-console (3.5.1) lib/web_console/middleware.rb:135:in `call_app'
web-console (3.5.1) lib/web_console/middleware.rb:28:in `block in call'
web-console (3.5.1) lib/web_console/middleware.rb:18:in `catch'
web-console (3.5.1) lib/web_console/middleware.rb:18:in `call'
actionpack (5.1.5) lib/action_dispatch/middleware/show_exceptions.rb:31:in `call'
railties (5.1.5) lib/rails/rack/logger.rb:36:in `call_app'
railties (5.1.5) lib/rails/rack/logger.rb:24:in `block in call'
activesupport (5.1.5) lib/active_support/tagged_logging.rb:69:in `block in tagged'
activesupport (5.1.5) lib/active_support/tagged_logging.rb:26:in `tagged'
activesupport (5.1.5) lib/active_support/tagged_logging.rb:69:in `tagged'
railties (5.1.5) lib/rails/rack/logger.rb:24:in `call'
actionpack (5.1.5) lib/action_dispatch/middleware/remote_ip.rb:79:in `call'
actionpack (5.1.5) lib/action_dispatch/middleware/request_id.rb:25:in `call'
rack (2.0.4) lib/rack/method_override.rb:22:in `call'
rack (2.0.4) lib/rack/runtime.rb:22:in `call'
activesupport (5.1.5) lib/active_support/cache/strategy/local_cache_middleware.rb:27:in `call'
actionpack (5.1.5) lib/action_dispatch/middleware/executor.rb:12:in `call'
actionpack (5.1.5) lib/action_dispatch/middleware/static.rb:125:in `call'
rack (2.0.4) lib/rack/sendfile.rb:111:in `call'
railties (5.1.5) lib/rails/engine.rb:522:in `call'
puma (3.11.3) lib/puma/configuration.rb:225:in `call'
puma (3.11.3) lib/puma/server.rb:624:in `handle_request'
puma (3.11.3) lib/puma/server.rb:438:in `process_client'
puma (3.11.3) lib/puma/server.rb:302:in `block in run'
puma (3.11.3) lib/puma/thread_pool.rb:120:in `block in spawn_thread'
Started GET "/" for 127.0.0.1 at 2018-03-19 12:37:23 +0530
  
ActiveRecord::ConnectionNotEstablished (No connection pool with 'primary' found.):
  
activerecord (5.1.5) lib/active_record/connection_adapters/abstract/connection_pool.rb:930:in `retrieve_connection'
activerecord (5.1.5) lib/active_record/connection_handling.rb:116:in `retrieve_connection'
activerecord (5.1.5) lib/active_record/connection_handling.rb:88:in `connection'
activerecord (5.1.5) lib/active_record/migration.rb:562:in `connection'
activerecord (5.1.5) lib/active_record/migration.rb:553:in `call'
actionpack (5.1.5) lib/action_dispatch/middleware/callbacks.rb:26:in `block in call'
activesupport (5.1.5) lib/active_support/callbacks.rb:97:in `run_callbacks'
actionpack (5.1.5) lib/action_dispatch/middleware/callbacks.rb:24:in `call'
actionpack (5.1.5) lib/action_dispatch/middleware/executor.rb:12:in `call'
actionpack (5.1.5) lib/action_dispatch/middleware/debug_exceptions.rb:59:in `call'
web-console (3.5.1) lib/web_console/middleware.rb:135:in `call_app'
web-console (3.5.1) lib/web_console/middleware.rb:28:in `block in call'
web-console (3.5.1) lib/web_console/middleware.rb:18:in `catch'
web-console (3.5.1) lib/web_console/middleware.rb:18:in `call'
actionpack (5.1.5) lib/action_dispatch/middleware/show_exceptions.rb:31:in `call'
railties (5.1.5) lib/rails/rack/logger.rb:36:in `call_app'
railties (5.1.5) lib/rails/rack/logger.rb:24:in `block in call'
activesupport (5.1.5) lib/active_support/tagged_logging.rb:69:in `block in tagged'
activesupport (5.1.5) lib/active_support/tagged_logging.rb:26:in `tagged'
activesupport (5.1.5) lib/active_support/tagged_logging.rb:69:in `tagged'
railties (5.1.5) lib/rails/rack/logger.rb:24:in `call'
actionpack (5.1.5) lib/action_dispatch/middleware/remote_ip.rb:79:in `call'
actionpack (5.1.5) lib/action_dispatch/middleware/request_id.rb:25:in `call'
rack (2.0.4) lib/rack/method_override.rb:22:in `call'
rack (2.0.4) lib/rack/runtime.rb:22:in `call'
activesupport (5.1.5) lib/active_support/cache/strategy/local_cache_middleware.rb:27:in `call'
actionpack (5.1.5) lib/action_dispatch/middleware/executor.rb:12:in `call'
actionpack (5.1.5) lib/action_dispatch/middleware/static.rb:125:in `call'
rack (2.0.4) lib/rack/sendfile.rb:111:in `call'
railties (5.1.5) lib/rails/engine.rb:522:in `call'
puma (3.11.3) lib/puma/configuration.rb:225:in `call'
puma (3.11.3) lib/puma/server.rb:624:in `handle_request'
puma (3.11.3) lib/puma/server.rb:438:in `process_client'
puma (3.11.3) lib/puma/server.rb:302:in `block in run'
puma (3.11.3) lib/puma/thread_pool.rb:120:in `block in spawn_thread'
  [1m[35m (0.1ms)[0m  [1m[34mSELECT "schema_migrations"."version" FROM "schema_migrations" ORDER BY "schema_migrations"."version" ASC[0m
  [1m[35m (0.1ms)[0m  [1m[34mSELECT "schema_migrations"."version" FROM "schema_migrations" ORDER BY "schema_migrations"."version" ASC[0m
Migrating to AddBiodataToUser (20160701014543)
  [1m[35m (0.1ms)[0m  [1m[36mbegin transaction[0m
  [1m[35m (0.0ms)[0m  [1m[34mSELECT sqlite_version(*)[0m
  [1m[35m (0.2ms)[0m  [1m[35mCREATE TEMPORARY TABLE "ausers" ("id" integer NOT NULL PRIMARY KEY, "username" varchar DEFAULT NULL, "email" varchar DEFAULT NULL, "created_at" datetime NOT NULL, "updated_at" datetime NOT NULL, "password_digest" varchar DEFAULT NULL, "fname" varchar DEFAULT NULL, "lname" varchar DEFAULT NULL, "dob" datetime DEFAULT NULL)[0m
  [1m[35m (0.1ms)[0m  [1m[32mINSERT INTO "ausers" ("id","username","email","created_at","updated_at","password_digest","fname","lname","dob")
                     SELECT "id","username","email","created_at","updated_at","password_digest","fname","lname","dob" FROM "users"[0m
  [1m[35m (0.2ms)[0m  [1m[35mDROP TABLE "users"[0m
  [1m[35m (0.1ms)[0m  [1m[35mCREATE TABLE "users" ("id" integer NOT NULL PRIMARY KEY, "username" varchar DEFAULT NULL, "email" varchar DEFAULT NULL, "created_at" datetime NOT NULL, "updated_at" datetime NOT NULL, "password_digest" varchar DEFAULT NULL, "fname" varchar DEFAULT NULL, "lname" varchar DEFAULT NULL)[0m
  [1m[35m (0.1ms)[0m  [1m[32mINSERT INTO "users" ("id","username","email","created_at","updated_at","password_digest","fname","lname")
                     SELECT "id","username","email","created_at","updated_at","password_digest","fname","lname" FROM "ausers"[0m
  [1m[35m (0.2ms)[0m  [1m[35mDROP TABLE "ausers"[0m
  [1m[35m (0.1ms)[0m  [1m[35mCREATE TEMPORARY TABLE "ausers" ("id" integer NOT NULL PRIMARY KEY, "username" varchar DEFAULT NULL, "email" varchar DEFAULT NULL, "created_at" datetime NOT NULL, "updated_at" datetime NOT NULL, "password_digest" varchar DEFAULT NULL, "fname" varchar DEFAULT NULL, "lname" varchar DEFAULT NULL)[0m
  [1m[35m (0.1ms)[0m  [1m[32mINSERT INTO "ausers" ("id","username","email","created_at","updated_at","password_digest","fname","lname")
                     SELECT "id","username","email","created_at","updated_at","password_digest","fname","lname" FROM "users"[0m
  [1m[35m (0.2ms)[0m  [1m[35mDROP TABLE "users"[0m
  [1m[35m (0.1ms)[0m  [1m[35mCREATE TABLE "users" ("id" integer NOT NULL PRIMARY KEY, "username" varchar DEFAULT NULL, "email" varchar DEFAULT NULL, "created_at" datetime NOT NULL, "updated_at" datetime NOT NULL, "password_digest" varchar DEFAULT NULL, "fname" varchar DEFAULT NULL)[0m
  [1m[35m (0.1ms)[0m  [1m[32mINSERT INTO "users" ("id","username","email","created_at","updated_at","password_digest","fname")
                     SELECT "id","username","email","created_at","updated_at","password_digest","fname" FROM "ausers"[0m
  [1m[35m (0.1ms)[0m  [1m[35mDROP TABLE "ausers"[0m
  [1m[35m (0.1ms)[0m  [1m[35mCREATE TEMPORARY TABLE "ausers" ("id" integer NOT NULL PRIMARY KEY, "username" varchar DEFAULT NULL, "email" varchar DEFAULT NULL, "created_at" datetime NOT NULL, "updated_at" datetime NOT NULL, "password_digest" varchar DEFAULT NULL, "fname" varchar DEFAULT NULL)[0m
  [1m[35m (0.1ms)[0m  [1m[32mINSERT INTO "ausers" ("id","username","email","created_at","updated_at","password_digest","fname")
                     SELECT "id","username","email","created_at","updated_at","password_digest","fname" FROM "users"[0m
  [1m[35m (0.2ms)[0m  [1m[35mDROP TABLE "users"[0m
  [1m[35m (0.2ms)[0m  [1m[35mCREATE TABLE "users" ("id" integer NOT NULL PRIMARY KEY, "username" varchar DEFAULT NULL, "email" varchar DEFAULT NULL, "created_at" datetime NOT NULL, "updated_at" datetime NOT NULL, "password_digest" varchar DEFAULT NULL)[0m
  [1m[35m (0.1ms)[0m  [1m[32mINSERT INTO "users" ("id","username","email","created_at","updated_at","password_digest")
                     SELECT "id","username","email","created_at","updated_at","password_digest" FROM "ausers"[0m
  [1m[35m (0.1ms)[0m  [1m[35mDROP TABLE "ausers"[0m
  [1m[35mSQL (0.2ms)[0m  [1m[31mDELETE FROM "schema_migrations" WHERE "schema_migrations"."version" = ?[0m  [["version", "20160701014543"]]
  [1m[35m (128.0ms)[0m  [1m[36mcommit transaction[0m
  [1m[35m (0.1ms)[0m  [1m[34mSELECT "schema_migrations"."version" FROM "schema_migrations" ORDER BY "schema_migrations"."version" ASC[0m
  [1m[35m (0.1ms)[0m  [1m[34mSELECT "schema_migrations"."version" FROM "schema_migrations" ORDER BY "schema_migrations"."version" ASC[0m
  [1m[35m (0.1ms)[0m  [1m[34mSELECT "schema_migrations"."version" FROM "schema_migrations" ORDER BY "schema_migrations"."version" ASC[0m
Migrating to AddPasswordDigestToUsers (20160630171547)
  [1m[35m (0.1ms)[0m  [1m[36mbegin transaction[0m
  [1m[35m (0.1ms)[0m  [1m[34mSELECT sqlite_version(*)[0m
  [1m[35m (0.2ms)[0m  [1m[35mCREATE TEMPORARY TABLE "ausers" ("id" integer NOT NULL PRIMARY KEY, "username" varchar DEFAULT NULL, "email" varchar DEFAULT NULL, "created_at" datetime NOT NULL, "updated_at" datetime NOT NULL, "password_digest" varchar DEFAULT NULL)[0m
  [1m[35m (0.1ms)[0m  [1m[32mINSERT INTO "ausers" ("id","username","email","created_at","updated_at","password_digest")
                     SELECT "id","username","email","created_at","updated_at","password_digest" FROM "users"[0m
  [1m[35m (0.2ms)[0m  [1m[35mDROP TABLE "users"[0m
  [1m[35m (0.1ms)[0m  [1m[35mCREATE TABLE "users" ("id" integer NOT NULL PRIMARY KEY, "username" varchar DEFAULT NULL, "email" varchar DEFAULT NULL, "created_at" datetime NOT NULL, "updated_at" datetime NOT NULL)[0m
  [1m[35m (0.1ms)[0m  [1m[32mINSERT INTO "users" ("id","username","email","created_at","updated_at")
                     SELECT "id","username","email","created_at","updated_at" FROM "ausers"[0m
  [1m[35m (0.2ms)[0m  [1m[35mDROP TABLE "ausers"[0m
  [1m[35mSQL (0.2ms)[0m  [1m[31mDELETE FROM "schema_migrations" WHERE "schema_migrations"."version" = ?[0m  [["version", "20160630171547"]]
  [1m[35m (72.5ms)[0m  [1m[36mcommit transaction[0m
  [1m[35m (0.1ms)[0m  [1m[34mSELECT "schema_migrations"."version" FROM "schema_migrations" ORDER BY "schema_migrations"."version" ASC[0m
  [1m[35m (0.2ms)[0m  [1m[34mSELECT "schema_migrations"."version" FROM "schema_migrations" ORDER BY "schema_migrations"."version" ASC[0m
  [1m[35m (0.1ms)[0m  [1m[34mSELECT "schema_migrations"."version" FROM "schema_migrations" ORDER BY "schema_migrations"."version" ASC[0m
Migrating to AddUserIdToArticles (20160629011730)
  [1m[35m (0.1ms)[0m  [1m[36mbegin transaction[0m
  [1m[35m (0.1ms)[0m  [1m[34mSELECT sqlite_version(*)[0m
  [1m[35m (0.4ms)[0m  [1m[35mCREATE TEMPORARY TABLE "aarticles" ("id" integer NOT NULL PRIMARY KEY, "title" varchar DEFAULT NULL, "description" text DEFAULT NULL, "created_at" datetime DEFAULT NULL, "updated_at" datetime DEFAULT NULL, "user_id" integer DEFAULT NULL)[0m
  [1m[35m (0.2ms)[0m  [1m[32mINSERT INTO "aarticles" ("id","title","description","created_at","updated_at","user_id")
                     SELECT "id","title","description","created_at","updated_at","user_id" FROM "articles"[0m
  [1m[35m (0.9ms)[0m  [1m[35mDROP TABLE "articles"[0m
  [1m[35m (0.1ms)[0m  [1m[35mCREATE TABLE "articles" ("id" integer NOT NULL PRIMARY KEY, "title" varchar DEFAULT NULL, "description" text DEFAULT NULL, "created_at" datetime DEFAULT NULL, "updated_at" datetime DEFAULT NULL)[0m
  [1m[35m (0.1ms)[0m  [1m[32mINSERT INTO "articles" ("id","title","description","created_at","updated_at")
                     SELECT "id","title","description","created_at","updated_at" FROM "aarticles"[0m
  [1m[35m (0.2ms)[0m  [1m[35mDROP TABLE "aarticles"[0m
  [1m[35mSQL (0.1ms)[0m  [1m[31mDELETE FROM "schema_migrations" WHERE "schema_migrations"."version" = ?[0m  [["version", "20160629011730"]]
  [1m[35m (69.8ms)[0m  [1m[36mcommit transaction[0m
  [1m[35m (0.1ms)[0m  [1m[34mSELECT "schema_migrations"."version" FROM "schema_migrations" ORDER BY "schema_migrations"."version" ASC[0m
  [1m[35m (0.2ms)[0m  [1m[34mSELECT "schema_migrations"."version" FROM "schema_migrations" ORDER BY "schema_migrations"."version" ASC[0m
  [1m[35m (0.1ms)[0m  [1m[34mSELECT "schema_migrations"."version" FROM "schema_migrations" ORDER BY "schema_migrations"."version" ASC[0m
Migrating to CreateUsers (20160628113552)
  [1m[35m (0.1ms)[0m  [1m[36mbegin transaction[0m
  [1m[35m (0.3ms)[0m  [1m[35mDROP TABLE "users"[0m
  [1m[35mSQL (0.1ms)[0m  [1m[31mDELETE FROM "schema_migrations" WHERE "schema_migrations"."version" = ?[0m  [["version", "20160628113552"]]
  [1m[35m (66.6ms)[0m  [1m[36mcommit transaction[0m
  [1m[35m (0.2ms)[0m  [1m[34mSELECT "schema_migrations"."version" FROM "schema_migrations" ORDER BY "schema_migrations"."version" ASC[0m
  [1m[35m (0.1ms)[0m  [1m[34mSELECT "schema_migrations"."version" FROM "schema_migrations" ORDER BY "schema_migrations"."version" ASC[0m
  [1m[35m (0.1ms)[0m  [1m[34mSELECT "schema_migrations"."version" FROM "schema_migrations" ORDER BY "schema_migrations"."version" ASC[0m
Migrating to AddMigrationToArticles (20160607232754)
  [1m[35m (0.1ms)[0m  [1m[36mbegin transaction[0m
  [1m[35m (0.0ms)[0m  [1m[34mSELECT sqlite_version(*)[0m
  [1m[35m (0.2ms)[0m  [1m[35mCREATE TEMPORARY TABLE "aarticles" ("id" integer NOT NULL PRIMARY KEY, "title" varchar DEFAULT NULL, "description" text DEFAULT NULL, "created_at" datetime DEFAULT NULL, "updated_at" datetime DEFAULT NULL)[0m
  [1m[35m (0.1ms)[0m  [1m[32mINSERT INTO "aarticles" ("id","title","description","created_at","updated_at")
                     SELECT "id","title","description","created_at","updated_at" FROM "articles"[0m
  [1m[35m (0.2ms)[0m  [1m[35mDROP TABLE "articles"[0m
  [1m[35m (0.1ms)[0m  [1m[35mCREATE TABLE "articles" ("id" integer NOT NULL PRIMARY KEY, "title" varchar DEFAULT NULL, "description" text DEFAULT NULL, "created_at" datetime DEFAULT NULL)[0m
  [1m[35m (0.1ms)[0m  [1m[32mINSERT INTO "articles" ("id","title","description","created_at")
                     SELECT "id","title","description","created_at" FROM "aarticles"[0m
  [1m[35m (0.2ms)[0m  [1m[35mDROP TABLE "aarticles"[0m
  [1m[35m (0.1ms)[0m  [1m[35mCREATE TEMPORARY TABLE "aarticles" ("id" integer NOT NULL PRIMARY KEY, "title" varchar DEFAULT NULL, "description" text DEFAULT NULL, "created_at" datetime DEFAULT NULL)[0m
  [1m[35m (0.1ms)[0m  [1m[32mINSERT INTO "aarticles" ("id","title","description","created_at")
                     SELECT "id","title","description","created_at" FROM "articles"[0m
  [1m[35m (0.2ms)[0m  [1m[35mDROP TABLE "articles"[0m
  [1m[35m (0.1ms)[0m  [1m[35mCREATE TABLE "articles" ("id" integer NOT NULL PRIMARY KEY, "title" varchar DEFAULT NULL, "description" text DEFAULT NULL)[0m
  [1m[35m (0.1ms)[0m  [1m[32mINSERT INTO "articles" ("id","title","description")
                     SELECT "id","title","description" FROM "aarticles"[0m
  [1m[35m (0.1ms)[0m  [1m[35mDROP TABLE "aarticles"[0m
  [1m[35m (0.1ms)[0m  [1m[35mCREATE TEMPORARY TABLE "aarticles" ("id" integer NOT NULL PRIMARY KEY, "title" varchar DEFAULT NULL, "description" text DEFAULT NULL)[0m
  [1m[35m (0.1ms)[0m  [1m[32mINSERT INTO "aarticles" ("id","title","description")
                     SELECT "id","title","description" FROM "articles"[0m
  [1m[35m (0.1ms)[0m  [1m[35mDROP TABLE "articles"[0m
  [1m[35m (0.1ms)[0m  [1m[35mCREATE TABLE "articles" ("id" integer NOT NULL PRIMARY KEY, "title" varchar DEFAULT NULL)[0m
  [1m[35m (0.1ms)[0m  [1m[32mINSERT INTO "articles" ("id","title")
                     SELECT "id","title" FROM "aarticles"[0m
  [1m[35m (0.1ms)[0m  [1m[35mDROP TABLE "aarticles"[0m
  [1m[35mSQL (0.2ms)[0m  [1m[31mDELETE FROM "schema_migrations" WHERE "schema_migrations"."version" = ?[0m  [["version", "20160607232754"]]
  [1m[35m (60.1ms)[0m  [1m[36mcommit transaction[0m
  [1m[35m (0.1ms)[0m  [1m[34mSELECT "schema_migrations"."version" FROM "schema_migrations" ORDER BY "schema_migrations"."version" ASC[0m
  [1m[35m (0.2ms)[0m  [1m[34mSELECT "schema_migrations"."version" FROM "schema_migrations" ORDER BY "schema_migrations"."version" ASC[0m
  [1m[35m (0.0ms)[0m  [1m[34mSELECT "schema_migrations"."version" FROM "schema_migrations" ORDER BY "schema_migrations"."version" ASC[0m
Migrating to CreateArticles (20160607230810)
  [1m[35m (0.0ms)[0m  [1m[36mbegin transaction[0m
  [1m[35m (0.3ms)[0m  [1m[35mDROP TABLE "articles"[0m
  [1m[35mSQL (0.1ms)[0m  [1m[31mDELETE FROM "schema_migrations" WHERE "schema_migrations"."version" = ?[0m  [["version", "20160607230810"]]
  [1m[35m (72.1ms)[0m  [1m[36mcommit transaction[0m
  [1m[35m (0.1ms)[0m  [1m[34mSELECT "schema_migrations"."version" FROM "schema_migrations" ORDER BY "schema_migrations"."version" ASC[0m
  [1m[35m (0.1ms)[0m  [1m[34mSELECT "schema_migrations"."version" FROM "schema_migrations" ORDER BY "schema_migrations"."version" ASC[0m
Migrating to CreateArticles (20160607230810)
  [1m[35m (0.0ms)[0m  [1m[36mbegin transaction[0m
  [1m[35m (0.1ms)[0m  [1m[34mSELECT sqlite_version(*)[0m
  [1m[35m (0.3ms)[0m  [1m[35mCREATE TABLE "articles" ("id" INTEGER PRIMARY KEY AUTOINCREMENT NOT NULL, "title" varchar)[0m
  [1m[35mSQL (0.2ms)[0m  [1m[32mINSERT INTO "schema_migrations" ("version") VALUES (?)[0m  [["version", "20160607230810"]]
  [1m[35m (56.4ms)[0m  [1m[36mcommit transaction[0m
Migrating to AddMigrationToArticles (20160607232754)
  [1m[35m (0.1ms)[0m  [1m[36mbegin transaction[0m
  [1m[35m (0.3ms)[0m  [1m[35mALTER TABLE "articles" ADD "description" text[0m
  [1m[35m (0.1ms)[0m  [1m[35mALTER TABLE "articles" ADD "created_at" datetime[0m
  [1m[35m (0.1ms)[0m  [1m[35mALTER TABLE "articles" ADD "updated_at" datetime[0m
  [1m[35mSQL (0.1ms)[0m  [1m[32mINSERT INTO "schema_migrations" ("version") VALUES (?)[0m  [["version", "20160607232754"]]
  [1m[35m (52.5ms)[0m  [1m[36mcommit transaction[0m
Migrating to CreateUsers (20160628113552)
  [1m[35m (0.1ms)[0m  [1m[36mbegin transaction[0m
  [1m[35m (0.3ms)[0m  [1m[35mCREATE TABLE "users" ("id" INTEGER PRIMARY KEY AUTOINCREMENT NOT NULL, "username" varchar, "email" varchar, "created_at" datetime NOT NULL, "updated_at" datetime NOT NULL)[0m
  [1m[35mSQL (0.1ms)[0m  [1m[32mINSERT INTO "schema_migrations" ("version") VALUES (?)[0m  [["version", "20160628113552"]]
  [1m[35m (47.8ms)[0m  [1m[36mcommit transaction[0m
Migrating to AddUserIdToArticles (20160629011730)
  [1m[35m (0.1ms)[0m  [1m[36mbegin transaction[0m
  [1m[35m (0.3ms)[0m  [1m[35mALTER TABLE "articles" ADD "user_id" integer[0m
  [1m[35mSQL (0.1ms)[0m  [1m[32mINSERT INTO "schema_migrations" ("version") VALUES (?)[0m  [["version", "20160629011730"]]
  [1m[35m (47.9ms)[0m  [1m[36mcommit transaction[0m
Migrating to AddPasswordDigestToUsers (20160630171547)
  [1m[35m (0.1ms)[0m  [1m[36mbegin transaction[0m
  [1m[35m (0.3ms)[0m  [1m[35mALTER TABLE "users" ADD "password_digest" varchar[0m
  [1m[35mSQL (0.1ms)[0m  [1m[32mINSERT INTO "schema_migrations" ("version") VALUES (?)[0m  [["version", "20160630171547"]]
  [1m[35m (48.1ms)[0m  [1m[36mcommit transaction[0m
Migrating to AddBiodataToUser (20160701014543)
  [1m[35m (0.1ms)[0m  [1m[36mbegin transaction[0m
  [1m[35m (0.3ms)[0m  [1m[35mALTER TABLE "users" ADD "fname" varchar[0m
  [1m[35m (0.2ms)[0m  [1m[35mALTER TABLE "users" ADD "lname" varchar[0m
  [1m[35m (0.1ms)[0m  [1m[35mALTER TABLE "users" ADD "dob" datetime[0m
  [1m[35mSQL (0.1ms)[0m  [1m[32mINSERT INTO "schema_migrations" ("version") VALUES (?)[0m  [["version", "20160701014543"]]
  [1m[35m (47.2ms)[0m  [1m[36mcommit transaction[0m
  [1m[36mActiveRecord::InternalMetadata Load (0.2ms)[0m  [1m[34mSELECT  "ar_internal_metadata".* FROM "ar_internal_metadata" WHERE "ar_internal_metadata"."key" = ? LIMIT ?[0m  [["key", "environment"], ["LIMIT", 1]]
  [1m[35m (0.1ms)[0m  [1m[36mbegin transaction[0m
  [1m[35m (0.0ms)[0m  [1m[36mcommit transaction[0m
  [1m[35m (0.1ms)[0m  [1m[34mSELECT "schema_migrations"."version" FROM "schema_migrations" ORDER BY "schema_migrations"."version" ASC[0m
Started GET "/" for 127.0.0.1 at 2018-03-19 12:39:08 +0530
  
ActiveRecord::ConnectionNotEstablished (No connection pool with 'primary' found.):
  
activerecord (5.1.5) lib/active_record/connection_adapters/abstract/connection_pool.rb:930:in `retrieve_connection'
activerecord (5.1.5) lib/active_record/connection_handling.rb:116:in `retrieve_connection'
activerecord (5.1.5) lib/active_record/connection_handling.rb:88:in `connection'
activerecord (5.1.5) lib/active_record/migration.rb:562:in `connection'
activerecord (5.1.5) lib/active_record/migration.rb:553:in `call'
actionpack (5.1.5) lib/action_dispatch/middleware/callbacks.rb:26:in `block in call'
activesupport (5.1.5) lib/active_support/callbacks.rb:97:in `run_callbacks'
actionpack (5.1.5) lib/action_dispatch/middleware/callbacks.rb:24:in `call'
actionpack (5.1.5) lib/action_dispatch/middleware/executor.rb:12:in `call'
actionpack (5.1.5) lib/action_dispatch/middleware/debug_exceptions.rb:59:in `call'
web-console (3.5.1) lib/web_console/middleware.rb:135:in `call_app'
web-console (3.5.1) lib/web_console/middleware.rb:28:in `block in call'
web-console (3.5.1) lib/web_console/middleware.rb:18:in `catch'
web-console (3.5.1) lib/web_console/middleware.rb:18:in `call'
actionpack (5.1.5) lib/action_dispatch/middleware/show_exceptions.rb:31:in `call'
railties (5.1.5) lib/rails/rack/logger.rb:36:in `call_app'
railties (5.1.5) lib/rails/rack/logger.rb:24:in `block in call'
activesupport (5.1.5) lib/active_support/tagged_logging.rb:69:in `block in tagged'
activesupport (5.1.5) lib/active_support/tagged_logging.rb:26:in `tagged'
activesupport (5.1.5) lib/active_support/tagged_logging.rb:69:in `tagged'
railties (5.1.5) lib/rails/rack/logger.rb:24:in `call'
actionpack (5.1.5) lib/action_dispatch/middleware/remote_ip.rb:79:in `call'
actionpack (5.1.5) lib/action_dispatch/middleware/request_id.rb:25:in `call'
rack (2.0.4) lib/rack/method_override.rb:22:in `call'
rack (2.0.4) lib/rack/runtime.rb:22:in `call'
activesupport (5.1.5) lib/active_support/cache/strategy/local_cache_middleware.rb:27:in `call'
actionpack (5.1.5) lib/action_dispatch/middleware/executor.rb:12:in `call'
actionpack (5.1.5) lib/action_dispatch/middleware/static.rb:125:in `call'
rack (2.0.4) lib/rack/sendfile.rb:111:in `call'
railties (5.1.5) lib/rails/engine.rb:522:in `call'
puma (3.11.3) lib/puma/configuration.rb:225:in `call'
puma (3.11.3) lib/puma/server.rb:624:in `handle_request'
puma (3.11.3) lib/puma/server.rb:438:in `process_client'
puma (3.11.3) lib/puma/server.rb:302:in `block in run'
puma (3.11.3) lib/puma/thread_pool.rb:120:in `block in spawn_thread'
Started GET "/" for 127.0.0.1 at 2018-03-19 12:40:22 +0530
  
ActiveRecord::ConnectionNotEstablished (No connection pool with 'primary' found.):
  
activerecord (5.1.5) lib/active_record/connection_adapters/abstract/connection_pool.rb:930:in `retrieve_connection'
activerecord (5.1.5) lib/active_record/connection_handling.rb:116:in `retrieve_connection'
activerecord (5.1.5) lib/active_record/connection_handling.rb:88:in `connection'
activerecord (5.1.5) lib/active_record/migration.rb:562:in `connection'
activerecord (5.1.5) lib/active_record/migration.rb:553:in `call'
actionpack (5.1.5) lib/action_dispatch/middleware/callbacks.rb:26:in `block in call'
activesupport (5.1.5) lib/active_support/callbacks.rb:97:in `run_callbacks'
actionpack (5.1.5) lib/action_dispatch/middleware/callbacks.rb:24:in `call'
actionpack (5.1.5) lib/action_dispatch/middleware/executor.rb:12:in `call'
actionpack (5.1.5) lib/action_dispatch/middleware/debug_exceptions.rb:59:in `call'
web-console (3.5.1) lib/web_console/middleware.rb:135:in `call_app'
web-console (3.5.1) lib/web_console/middleware.rb:28:in `block in call'
web-console (3.5.1) lib/web_console/middleware.rb:18:in `catch'
web-console (3.5.1) lib/web_console/middleware.rb:18:in `call'
actionpack (5.1.5) lib/action_dispatch/middleware/show_exceptions.rb:31:in `call'
railties (5.1.5) lib/rails/rack/logger.rb:36:in `call_app'
railties (5.1.5) lib/rails/rack/logger.rb:24:in `block in call'
activesupport (5.1.5) lib/active_support/tagged_logging.rb:69:in `block in tagged'
activesupport (5.1.5) lib/active_support/tagged_logging.rb:26:in `tagged'
activesupport (5.1.5) lib/active_support/tagged_logging.rb:69:in `tagged'
railties (5.1.5) lib/rails/rack/logger.rb:24:in `call'
actionpack (5.1.5) lib/action_dispatch/middleware/remote_ip.rb:79:in `call'
actionpack (5.1.5) lib/action_dispatch/middleware/request_id.rb:25:in `call'
rack (2.0.4) lib/rack/method_override.rb:22:in `call'
rack (2.0.4) lib/rack/runtime.rb:22:in `call'
activesupport (5.1.5) lib/active_support/cache/strategy/local_cache_middleware.rb:27:in `call'
actionpack (5.1.5) lib/action_dispatch/middleware/executor.rb:12:in `call'
actionpack (5.1.5) lib/action_dispatch/middleware/static.rb:125:in `call'
rack (2.0.4) lib/rack/sendfile.rb:111:in `call'
railties (5.1.5) lib/rails/engine.rb:522:in `call'
puma (3.11.3) lib/puma/configuration.rb:225:in `call'
puma (3.11.3) lib/puma/server.rb:624:in `handle_request'
puma (3.11.3) lib/puma/server.rb:438:in `process_client'
puma (3.11.3) lib/puma/server.rb:302:in `block in run'
puma (3.11.3) lib/puma/thread_pool.rb:120:in `block in spawn_thread'
Started GET "/" for 127.0.0.1 at 2018-03-19 12:40:23 +0530
  
ActiveRecord::ConnectionNotEstablished (No connection pool with 'primary' found.):
  
activerecord (5.1.5) lib/active_record/connection_adapters/abstract/connection_pool.rb:930:in `retrieve_connection'
activerecord (5.1.5) lib/active_record/connection_handling.rb:116:in `retrieve_connection'
activerecord (5.1.5) lib/active_record/connection_handling.rb:88:in `connection'
activerecord (5.1.5) lib/active_record/migration.rb:562:in `connection'
activerecord (5.1.5) lib/active_record/migration.rb:553:in `call'
actionpack (5.1.5) lib/action_dispatch/middleware/callbacks.rb:26:in `block in call'
activesupport (5.1.5) lib/active_support/callbacks.rb:97:in `run_callbacks'
actionpack (5.1.5) lib/action_dispatch/middleware/callbacks.rb:24:in `call'
actionpack (5.1.5) lib/action_dispatch/middleware/executor.rb:12:in `call'
actionpack (5.1.5) lib/action_dispatch/middleware/debug_exceptions.rb:59:in `call'
web-console (3.5.1) lib/web_console/middleware.rb:135:in `call_app'
web-console (3.5.1) lib/web_console/middleware.rb:28:in `block in call'
web-console (3.5.1) lib/web_console/middleware.rb:18:in `catch'
web-console (3.5.1) lib/web_console/middleware.rb:18:in `call'
actionpack (5.1.5) lib/action_dispatch/middleware/show_exceptions.rb:31:in `call'
railties (5.1.5) lib/rails/rack/logger.rb:36:in `call_app'
railties (5.1.5) lib/rails/rack/logger.rb:24:in `block in call'
activesupport (5.1.5) lib/active_support/tagged_logging.rb:69:in `block in tagged'
activesupport (5.1.5) lib/active_support/tagged_logging.rb:26:in `tagged'
activesupport (5.1.5) lib/active_support/tagged_logging.rb:69:in `tagged'
railties (5.1.5) lib/rails/rack/logger.rb:24:in `call'
actionpack (5.1.5) lib/action_dispatch/middleware/remote_ip.rb:79:in `call'
actionpack (5.1.5) lib/action_dispatch/middleware/request_id.rb:25:in `call'
rack (2.0.4) lib/rack/method_override.rb:22:in `call'
rack (2.0.4) lib/rack/runtime.rb:22:in `call'
activesupport (5.1.5) lib/active_support/cache/strategy/local_cache_middleware.rb:27:in `call'
actionpack (5.1.5) lib/action_dispatch/middleware/executor.rb:12:in `call'
actionpack (5.1.5) lib/action_dispatch/middleware/static.rb:125:in `call'
rack (2.0.4) lib/rack/sendfile.rb:111:in `call'
railties (5.1.5) lib/rails/engine.rb:522:in `call'
puma (3.11.3) lib/puma/configuration.rb:225:in `call'
puma (3.11.3) lib/puma/server.rb:624:in `handle_request'
puma (3.11.3) lib/puma/server.rb:438:in `process_client'
puma (3.11.3) lib/puma/server.rb:302:in `block in run'
puma (3.11.3) lib/puma/thread_pool.rb:120:in `block in spawn_thread'
Started GET "/" for 127.0.0.1 at 2018-03-19 12:40:23 +0530
  
ActiveRecord::ConnectionNotEstablished (No connection pool with 'primary' found.):
  
activerecord (5.1.5) lib/active_record/connection_adapters/abstract/connection_pool.rb:930:in `retrieve_connection'
activerecord (5.1.5) lib/active_record/connection_handling.rb:116:in `retrieve_connection'
activerecord (5.1.5) lib/active_record/connection_handling.rb:88:in `connection'
activerecord (5.1.5) lib/active_record/migration.rb:562:in `connection'
activerecord (5.1.5) lib/active_record/migration.rb:553:in `call'
actionpack (5.1.5) lib/action_dispatch/middleware/callbacks.rb:26:in `block in call'
activesupport (5.1.5) lib/active_support/callbacks.rb:97:in `run_callbacks'
actionpack (5.1.5) lib/action_dispatch/middleware/callbacks.rb:24:in `call'
actionpack (5.1.5) lib/action_dispatch/middleware/executor.rb:12:in `call'
actionpack (5.1.5) lib/action_dispatch/middleware/debug_exceptions.rb:59:in `call'
web-console (3.5.1) lib/web_console/middleware.rb:135:in `call_app'
web-console (3.5.1) lib/web_console/middleware.rb:28:in `block in call'
web-console (3.5.1) lib/web_console/middleware.rb:18:in `catch'
web-console (3.5.1) lib/web_console/middleware.rb:18:in `call'
actionpack (5.1.5) lib/action_dispatch/middleware/show_exceptions.rb:31:in `call'
railties (5.1.5) lib/rails/rack/logger.rb:36:in `call_app'
railties (5.1.5) lib/rails/rack/logger.rb:24:in `block in call'
activesupport (5.1.5) lib/active_support/tagged_logging.rb:69:in `block in tagged'
activesupport (5.1.5) lib/active_support/tagged_logging.rb:26:in `tagged'
activesupport (5.1.5) lib/active_support/tagged_logging.rb:69:in `tagged'
railties (5.1.5) lib/rails/rack/logger.rb:24:in `call'
actionpack (5.1.5) lib/action_dispatch/middleware/remote_ip.rb:79:in `call'
actionpack (5.1.5) lib/action_dispatch/middleware/request_id.rb:25:in `call'
rack (2.0.4) lib/rack/method_override.rb:22:in `call'
rack (2.0.4) lib/rack/runtime.rb:22:in `call'
activesupport (5.1.5) lib/active_support/cache/strategy/local_cache_middleware.rb:27:in `call'
actionpack (5.1.5) lib/action_dispatch/middleware/executor.rb:12:in `call'
actionpack (5.1.5) lib/action_dispatch/middleware/static.rb:125:in `call'
rack (2.0.4) lib/rack/sendfile.rb:111:in `call'
railties (5.1.5) lib/rails/engine.rb:522:in `call'
puma (3.11.3) lib/puma/configuration.rb:225:in `call'
puma (3.11.3) lib/puma/server.rb:624:in `handle_request'
puma (3.11.3) lib/puma/server.rb:438:in `process_client'
puma (3.11.3) lib/puma/server.rb:302:in `block in run'
puma (3.11.3) lib/puma/thread_pool.rb:120:in `block in spawn_thread'
Started GET "/" for 127.0.0.1 at 2018-03-19 12:40:24 +0530
  
ActiveRecord::ConnectionNotEstablished (No connection pool with 'primary' found.):
  
activerecord (5.1.5) lib/active_record/connection_adapters/abstract/connection_pool.rb:930:in `retrieve_connection'
activerecord (5.1.5) lib/active_record/connection_handling.rb:116:in `retrieve_connection'
activerecord (5.1.5) lib/active_record/connection_handling.rb:88:in `connection'
activerecord (5.1.5) lib/active_record/migration.rb:562:in `connection'
activerecord (5.1.5) lib/active_record/migration.rb:553:in `call'
actionpack (5.1.5) lib/action_dispatch/middleware/callbacks.rb:26:in `block in call'
activesupport (5.1.5) lib/active_support/callbacks.rb:97:in `run_callbacks'
actionpack (5.1.5) lib/action_dispatch/middleware/callbacks.rb:24:in `call'
actionpack (5.1.5) lib/action_dispatch/middleware/executor.rb:12:in `call'
actionpack (5.1.5) lib/action_dispatch/middleware/debug_exceptions.rb:59:in `call'
web-console (3.5.1) lib/web_console/middleware.rb:135:in `call_app'
web-console (3.5.1) lib/web_console/middleware.rb:28:in `block in call'
web-console (3.5.1) lib/web_console/middleware.rb:18:in `catch'
web-console (3.5.1) lib/web_console/middleware.rb:18:in `call'
actionpack (5.1.5) lib/action_dispatch/middleware/show_exceptions.rb:31:in `call'
railties (5.1.5) lib/rails/rack/logger.rb:36:in `call_app'
railties (5.1.5) lib/rails/rack/logger.rb:24:in `block in call'
activesupport (5.1.5) lib/active_support/tagged_logging.rb:69:in `block in tagged'
activesupport (5.1.5) lib/active_support/tagged_logging.rb:26:in `tagged'
activesupport (5.1.5) lib/active_support/tagged_logging.rb:69:in `tagged'
railties (5.1.5) lib/rails/rack/logger.rb:24:in `call'
actionpack (5.1.5) lib/action_dispatch/middleware/remote_ip.rb:79:in `call'
actionpack (5.1.5) lib/action_dispatch/middleware/request_id.rb:25:in `call'
rack (2.0.4) lib/rack/method_override.rb:22:in `call'
rack (2.0.4) lib/rack/runtime.rb:22:in `call'
activesupport (5.1.5) lib/active_support/cache/strategy/local_cache_middleware.rb:27:in `call'
actionpack (5.1.5) lib/action_dispatch/middleware/executor.rb:12:in `call'
actionpack (5.1.5) lib/action_dispatch/middleware/static.rb:125:in `call'
rack (2.0.4) lib/rack/sendfile.rb:111:in `call'
railties (5.1.5) lib/rails/engine.rb:522:in `call'
puma (3.11.3) lib/puma/configuration.rb:225:in `call'
puma (3.11.3) lib/puma/server.rb:624:in `handle_request'
puma (3.11.3) lib/puma/server.rb:438:in `process_client'
puma (3.11.3) lib/puma/server.rb:302:in `block in run'
puma (3.11.3) lib/puma/thread_pool.rb:120:in `block in spawn_thread'
Started GET "/" for 127.0.0.1 at 2018-03-19 12:40:24 +0530
  
ActiveRecord::ConnectionNotEstablished (No connection pool with 'primary' found.):
  
activerecord (5.1.5) lib/active_record/connection_adapters/abstract/connection_pool.rb:930:in `retrieve_connection'
activerecord (5.1.5) lib/active_record/connection_handling.rb:116:in `retrieve_connection'
activerecord (5.1.5) lib/active_record/connection_handling.rb:88:in `connection'
activerecord (5.1.5) lib/active_record/migration.rb:562:in `connection'
activerecord (5.1.5) lib/active_record/migration.rb:553:in `call'
actionpack (5.1.5) lib/action_dispatch/middleware/callbacks.rb:26:in `block in call'
activesupport (5.1.5) lib/active_support/callbacks.rb:97:in `run_callbacks'
actionpack (5.1.5) lib/action_dispatch/middleware/callbacks.rb:24:in `call'
actionpack (5.1.5) lib/action_dispatch/middleware/executor.rb:12:in `call'
actionpack (5.1.5) lib/action_dispatch/middleware/debug_exceptions.rb:59:in `call'
web-console (3.5.1) lib/web_console/middleware.rb:135:in `call_app'
web-console (3.5.1) lib/web_console/middleware.rb:28:in `block in call'
web-console (3.5.1) lib/web_console/middleware.rb:18:in `catch'
web-console (3.5.1) lib/web_console/middleware.rb:18:in `call'
actionpack (5.1.5) lib/action_dispatch/middleware/show_exceptions.rb:31:in `call'
railties (5.1.5) lib/rails/rack/logger.rb:36:in `call_app'
railties (5.1.5) lib/rails/rack/logger.rb:24:in `block in call'
activesupport (5.1.5) lib/active_support/tagged_logging.rb:69:in `block in tagged'
activesupport (5.1.5) lib/active_support/tagged_logging.rb:26:in `tagged'
activesupport (5.1.5) lib/active_support/tagged_logging.rb:69:in `tagged'
railties (5.1.5) lib/rails/rack/logger.rb:24:in `call'
actionpack (5.1.5) lib/action_dispatch/middleware/remote_ip.rb:79:in `call'
actionpack (5.1.5) lib/action_dispatch/middleware/request_id.rb:25:in `call'
rack (2.0.4) lib/rack/method_override.rb:22:in `call'
rack (2.0.4) lib/rack/runtime.rb:22:in `call'
activesupport (5.1.5) lib/active_support/cache/strategy/local_cache_middleware.rb:27:in `call'
actionpack (5.1.5) lib/action_dispatch/middleware/executor.rb:12:in `call'
actionpack (5.1.5) lib/action_dispatch/middleware/static.rb:125:in `call'
rack (2.0.4) lib/rack/sendfile.rb:111:in `call'
railties (5.1.5) lib/rails/engine.rb:522:in `call'
puma (3.11.3) lib/puma/configuration.rb:225:in `call'
puma (3.11.3) lib/puma/server.rb:624:in `handle_request'
puma (3.11.3) lib/puma/server.rb:438:in `process_client'
puma (3.11.3) lib/puma/server.rb:302:in `block in run'
puma (3.11.3) lib/puma/thread_pool.rb:120:in `block in spawn_thread'
Started GET "/" for 127.0.0.1 at 2018-03-19 12:41:12 +0530
  [1m[35m (0.1ms)[0m  [1m[34mSELECT "schema_migrations"."version" FROM "schema_migrations" ORDER BY "schema_migrations"."version" ASC[0m
Processing by WelcomeController#index as HTML
  Rendering welcome/index.html.erb within layouts/application
  Rendered welcome/index.html.erb within layouts/application (1.3ms)
Completed 500 Internal Server Error in 6543ms (ActiveRecord: 0.0ms)


  
ActionView::Template::Error (couldn't find file 'jquery' with type 'application/javascript'
Checked in these paths: 
  /home/vijay/Documents/Ruby on Rails/Tweet/app/assets/images
  /home/vijay/Documents/Ruby on Rails/Tweet/app/assets/javascripts
  /home/vijay/Documents/Ruby on Rails/Tweet/app/assets/stylesheets
  /home/vijay/Documents/Ruby on Rails/Tweet/vendor/assets/javascripts
  /home/vijay/Documents/Ruby on Rails/Tweet/vendor/assets/stylesheets
  /home/vijay/.rbenv/versions/2.5.0/lib/ruby/gems/2.5.0/gems/coffee-rails-4.2.2/lib/assets/javascripts
  /home/vijay/.rbenv/versions/2.5.0/lib/ruby/gems/2.5.0/gems/bootstrap_form-2.7.0/app/assets/stylesheets
  /home/vijay/.rbenv/versions/2.5.0/lib/ruby/gems/2.5.0/gems/actioncable-5.1.5/lib/assets/compiled
  /home/vijay/.rbenv/versions/2.5.0/lib/ruby/gems/2.5.0/gems/actionview-5.1.5/lib/assets/compiled
  /home/vijay/.rbenv/versions/2.5.0/lib/ruby/gems/2.5.0/gems/turbolinks-source-5.1.0/lib/assets/javascripts
  /home/vijay/.rbenv/versions/2.5.0/lib/ruby/gems/2.5.0/gems/bootstrap-sass-3.2.0.2/assets/stylesheets
  /home/vijay/.rbenv/versions/2.5.0/lib/ruby/gems/2.5.0/gems/bootstrap-sass-3.2.0.2/assets/javascripts
  /home/vijay/.rbenv/versions/2.5.0/lib/ruby/gems/2.5.0/gems/bootstrap-sass-3.2.0.2/assets/fonts
  /home/vijay/.rbenv/versions/2.5.0/lib/ruby/gems/2.5.0/gems/bootstrap-sass-3.2.0.2/assets/images):
    2: <html>
    3: <head>
    4:   <title>Workspace</title>
    5:   <%= stylesheet_link_tag  'application', media: 'all', 'data-turbolinks-track' => true %>
    6:   <%= javascript_include_tag 'application', 'data-turbolinks-track' => true %>
    7:   <%= csrf_meta_tags %>
    8: </head>
  
app/assets/javascripts/application.js:13
app/views/layouts/application.html.erb:5:in `_app_views_layouts_application_html_erb___2437503833699033488_70349254937740'
Started GET "/" for 127.0.0.1 at 2018-03-19 12:42:27 +0530
Processing by WelcomeController#index as HTML
  Rendering welcome/index.html.erb within layouts/application
  Rendered welcome/index.html.erb within layouts/application (1.3ms)
Completed 500 Internal Server Error in 23ms (ActiveRecord: 0.0ms)


  
ActionView::Template::Error (couldn't find file 'jquery' with type 'application/javascript'
Checked in these paths: 
  /home/vijay/Documents/Ruby on Rails/Tweet/app/assets/images
  /home/vijay/Documents/Ruby on Rails/Tweet/app/assets/javascripts
  /home/vijay/Documents/Ruby on Rails/Tweet/app/assets/stylesheets
  /home/vijay/Documents/Ruby on Rails/Tweet/vendor/assets/javascripts
  /home/vijay/Documents/Ruby on Rails/Tweet/vendor/assets/stylesheets
  /home/vijay/.rbenv/versions/2.5.0/lib/ruby/gems/2.5.0/gems/coffee-rails-4.2.2/lib/assets/javascripts
  /home/vijay/.rbenv/versions/2.5.0/lib/ruby/gems/2.5.0/gems/bootstrap_form-2.7.0/app/assets/stylesheets
  /home/vijay/.rbenv/versions/2.5.0/lib/ruby/gems/2.5.0/gems/actioncable-5.1.5/lib/assets/compiled
  /home/vijay/.rbenv/versions/2.5.0/lib/ruby/gems/2.5.0/gems/actionview-5.1.5/lib/assets/compiled
  /home/vijay/.rbenv/versions/2.5.0/lib/ruby/gems/2.5.0/gems/turbolinks-source-5.1.0/lib/assets/javascripts
  /home/vijay/.rbenv/versions/2.5.0/lib/ruby/gems/2.5.0/gems/bootstrap-sass-3.2.0.2/assets/stylesheets
  /home/vijay/.rbenv/versions/2.5.0/lib/ruby/gems/2.5.0/gems/bootstrap-sass-3.2.0.2/assets/javascripts
  /home/vijay/.rbenv/versions/2.5.0/lib/ruby/gems/2.5.0/gems/bootstrap-sass-3.2.0.2/assets/fonts
  /home/vijay/.rbenv/versions/2.5.0/lib/ruby/gems/2.5.0/gems/bootstrap-sass-3.2.0.2/assets/images):
    2: <html>
    3: <head>
    4:   <title>Workspace</title>
    5:   <%= stylesheet_link_tag  'application', media: 'all', 'data-turbolinks-track' => true %>
    6:   <%= javascript_include_tag 'application', 'data-turbolinks-track' => true %>
    7:   <%= csrf_meta_tags %>
    8: </head>
  
app/assets/javascripts/application.js:13
app/views/layouts/application.html.erb:5:in `_app_views_layouts_application_html_erb___2437503833699033488_70349277537460'
Started GET "/" for 127.0.0.1 at 2018-03-19 12:42:54 +0530
Processing by WelcomeController#index as HTML
  Rendering welcome/index.html.erb within layouts/application
  Rendered welcome/index.html.erb within layouts/application (1.9ms)
  Rendered layouts/_navigation.html.erb (0.8ms)
  Rendered layouts/_messages.html.erb (0.4ms)
Completed 200 OK in 564ms (Views: 563.1ms | ActiveRecord: 0.0ms)


Started GET "/assets/custom.self-5a6b777263d4592839b05e83c811c300933b5a4f70a84b39c77b676f0ac228b0.css?body=1" for 127.0.0.1 at 2018-03-19 12:42:55 +0530
Started GET "/assets/welcome.self-e3b0c44298fc1c149afbf4c8996fb92427ae41e4649b934ca495991b7852b855.css?body=1" for 127.0.0.1 at 2018-03-19 12:42:55 +0530
Started GET "/assets/bootstrap/affix.self-d2b642d8fbfc1d7041e2edefd66683ada567a980789dcd6f94fddda0b33408b5.js?body=1" for 127.0.0.1 at 2018-03-19 12:42:55 +0530
Started GET "/assets/bootstrap/carousel.self-57eb8422043cf0a85b7a9dc6843916eb0a3e35b419c7798a5eb254b918997631.js?body=1" for 127.0.0.1 at 2018-03-19 12:42:55 +0530
Started GET "/assets/bootstrap/alert.self-a29e91e8cd3ddaba9bbc466901d53ec2127e9256b9b941905d525a3a716bd1a5.js?body=1" for 127.0.0.1 at 2018-03-19 12:42:55 +0530
Started GET "/assets/bootstrap/collapse.self-7dc8bfbc2fbfabd2bad62c58ff8ffeaf8f20fb87c7ca6cd35f06d4dc19632587.js?body=1" for 127.0.0.1 at 2018-03-19 12:42:55 +0530
Started GET "/assets/bootstrap/button.self-a6cb16785434acb365ae426aef9f1fce05ed553cae7a965e4471c3da71509175.js?body=1" for 127.0.0.1 at 2018-03-19 12:42:55 +0530
Started GET "/assets/application.self-e80e8f2318043e8af94dddc2adad5a4f09739a8ebb323b3ab31cd71d45fd9113.css?body=1" for 127.0.0.1 at 2018-03-19 12:42:55 +0530
Started GET "/assets/bootstrap/transition.self-09ff30b1e8a93d1f7728b9855f55d9c9d8d5734c8861e0d8139994e50944572a.js?body=1" for 127.0.0.1 at 2018-03-19 12:42:55 +0530
Started GET "/assets/bootstrap/dropdown.self-9314126777c6be5443e37ea7f7967d7914d72b3e60449ba50edc967446373059.js?body=1" for 127.0.0.1 at 2018-03-19 12:42:55 +0530
Started GET "/assets/bootstrap/tab.self-122235057fbd4c6c7da377d59dc58f47b44cb1088a2e38e6ee6ce9d8ac29a26a.js?body=1" for 127.0.0.1 at 2018-03-19 12:42:55 +0530
Started GET "/assets/bootstrap/modal.self-72f95ffa1071297725a9ac91989693d56d1abf23f441a47455073b0da2857a5b.js?body=1" for 127.0.0.1 at 2018-03-19 12:42:55 +0530
Started GET "/assets/bootstrap/scrollspy.self-a155b9d4b2f978905f0326c0f6635e1134fe91c6bfbfcbad079fa24a9fef2b0e.js?body=1" for 127.0.0.1 at 2018-03-19 12:42:55 +0530
Started GET "/assets/bootstrap/popover.self-77d8e3a2499c1104ef146396a68b82469ee2bdb365199b874694698d10405e9a.js?body=1" for 127.0.0.1 at 2018-03-19 12:42:55 +0530
Started GET "/assets/welcome.self-877aef30ae1b040ab8a3aba4e3e309a11d7f2612f44dde450b5c157aa5f95c05.js?body=1" for 127.0.0.1 at 2018-03-19 12:42:55 +0530
Started GET "/assets/bootstrap/tooltip.self-11cf547be953f25f511cec668f6690473fd97b2f65502e4032f4030999a3f0c3.js?body=1" for 127.0.0.1 at 2018-03-19 12:42:55 +0530
Started GET "/assets/bootstrap-sprockets.self-fbfa5ad7d9aa0afe439ec4ff3883acc4cb92b62cb67c40d674320c9aa1d4642d.js?body=1" for 127.0.0.1 at 2018-03-19 12:42:55 +0530
Started GET "/assets/application.self-377610cd7c1509e934744c810e3b4cf672dfbcacac3274e7d039827e2ae0fcc7.js?body=1" for 127.0.0.1 at 2018-03-19 12:42:55 +0530
Started GET "/assets/jumbo-bg-9be070476b45733509dbe32b706d0ca9d10e03b67b52fb0634303334671d5a93.jpg" for 127.0.0.1 at 2018-03-19 12:42:55 +0530
Started GET "/signup" for 127.0.0.1 at 2018-03-19 12:43:00 +0530
Processing by UsersController#new as HTML
  Rendering users/new.html.erb within layouts/application
  Rendered shared/_errors.html.erb (0.4ms)
  Rendered users/new.html.erb within layouts/application (131.1ms)
  Rendered layouts/_navigation.html.erb (0.7ms)
  Rendered layouts/_messages.html.erb (0.4ms)
Completed 200 OK in 212ms (Views: 180.1ms | ActiveRecord: 2.4ms)


Started POST "/users" for 127.0.0.1 at 2018-03-19 12:43:19 +0530
  
AbstractController::ActionNotFound (The action 'create' could not be found for UsersController):
  
actionpack (5.1.5) lib/abstract_controller/base.rb:119:in `process'
actionview (5.1.5) lib/action_view/rendering.rb:30:in `process'
actionpack (5.1.5) lib/action_controller/metal.rb:189:in `dispatch'
actionpack (5.1.5) lib/action_controller/metal.rb:253:in `dispatch'
actionpack (5.1.5) lib/action_dispatch/routing/route_set.rb:49:in `dispatch'
actionpack (5.1.5) lib/action_dispatch/routing/route_set.rb:31:in `serve'
actionpack (5.1.5) lib/action_dispatch/journey/router.rb:50:in `block in serve'
actionpack (5.1.5) lib/action_dispatch/journey/router.rb:33:in `each'
actionpack (5.1.5) lib/action_dispatch/journey/router.rb:33:in `serve'
actionpack (5.1.5) lib/action_dispatch/routing/route_set.rb:844:in `call'
warden (1.2.7) lib/warden/manager.rb:36:in `block in call'
warden (1.2.7) lib/warden/manager.rb:35:in `catch'
warden (1.2.7) lib/warden/manager.rb:35:in `call'
rack (2.0.4) lib/rack/etag.rb:25:in `call'
rack (2.0.4) lib/rack/conditional_get.rb:38:in `call'
rack (2.0.4) lib/rack/head.rb:12:in `call'
rack (2.0.4) lib/rack/session/abstract/id.rb:232:in `context'
rack (2.0.4) lib/rack/session/abstract/id.rb:226:in `call'
actionpack (5.1.5) lib/action_dispatch/middleware/cookies.rb:613:in `call'
activerecord (5.1.5) lib/active_record/migration.rb:556:in `call'
actionpack (5.1.5) lib/action_dispatch/middleware/callbacks.rb:26:in `block in call'
activesupport (5.1.5) lib/active_support/callbacks.rb:97:in `run_callbacks'
actionpack (5.1.5) lib/action_dispatch/middleware/callbacks.rb:24:in `call'
actionpack (5.1.5) lib/action_dispatch/middleware/executor.rb:12:in `call'
actionpack (5.1.5) lib/action_dispatch/middleware/debug_exceptions.rb:59:in `call'
web-console (3.5.1) lib/web_console/middleware.rb:135:in `call_app'
web-console (3.5.1) lib/web_console/middleware.rb:28:in `block in call'
web-console (3.5.1) lib/web_console/middleware.rb:18:in `catch'
web-console (3.5.1) lib/web_console/middleware.rb:18:in `call'
actionpack (5.1.5) lib/action_dispatch/middleware/show_exceptions.rb:31:in `call'
railties (5.1.5) lib/rails/rack/logger.rb:36:in `call_app'
railties (5.1.5) lib/rails/rack/logger.rb:24:in `block in call'
activesupport (5.1.5) lib/active_support/tagged_logging.rb:69:in `block in tagged'
activesupport (5.1.5) lib/active_support/tagged_logging.rb:26:in `tagged'
activesupport (5.1.5) lib/active_support/tagged_logging.rb:69:in `tagged'
railties (5.1.5) lib/rails/rack/logger.rb:24:in `call'
actionpack (5.1.5) lib/action_dispatch/middleware/remote_ip.rb:79:in `call'
actionpack (5.1.5) lib/action_dispatch/middleware/request_id.rb:25:in `call'
rack (2.0.4) lib/rack/method_override.rb:22:in `call'
rack (2.0.4) lib/rack/runtime.rb:22:in `call'
activesupport (5.1.5) lib/active_support/cache/strategy/local_cache_middleware.rb:27:in `call'
actionpack (5.1.5) lib/action_dispatch/middleware/executor.rb:12:in `call'
actionpack (5.1.5) lib/action_dispatch/middleware/static.rb:125:in `call'
rack (2.0.4) lib/rack/sendfile.rb:111:in `call'
railties (5.1.5) lib/rails/engine.rb:522:in `call'
puma (3.11.3) lib/puma/configuration.rb:225:in `call'
puma (3.11.3) lib/puma/server.rb:624:in `handle_request'
puma (3.11.3) lib/puma/server.rb:438:in `process_client'
puma (3.11.3) lib/puma/server.rb:302:in `block in run'
puma (3.11.3) lib/puma/thread_pool.rb:120:in `block in spawn_thread'
Started GET "/articles" for 127.0.0.1 at 2018-03-19 12:43:29 +0530
Processing by ArticlesController#index as HTML
  Rendering articles/index.html.erb within layouts/application
  [1m[36mArticle Load (0.2ms)[0m  [1m[34mSELECT "articles".* FROM "articles"[0m
  Rendered articles/index.html.erb within layouts/application (2.0ms)
  Rendered layouts/_navigation.html.erb (1.1ms)
  Rendered layouts/_messages.html.erb (0.6ms)
Completed 200 OK in 63ms (Views: 53.4ms | ActiveRecord: 0.5ms)


Started GET "/articles" for 127.0.0.1 at 2018-03-19 12:43:31 +0530
Processing by ArticlesController#index as HTML
  Rendering articles/index.html.erb within layouts/application
  [1m[36mArticle Load (0.2ms)[0m  [1m[34mSELECT "articles".* FROM "articles"[0m
  Rendered articles/index.html.erb within layouts/application (1.5ms)
  Rendered layouts/_navigation.html.erb (0.8ms)
  Rendered layouts/_messages.html.erb (0.4ms)
Completed 200 OK in 49ms (Views: 47.0ms | ActiveRecord: 0.2ms)


Started GET "/" for 127.0.0.1 at 2018-03-19 12:43:35 +0530
Processing by WelcomeController#index as HTML
  Rendering welcome/index.html.erb within layouts/application
  Rendered welcome/index.html.erb within layouts/application (0.7ms)
  Rendered layouts/_navigation.html.erb (0.7ms)
  Rendered layouts/_messages.html.erb (0.5ms)
Completed 200 OK in 48ms (Views: 45.8ms | ActiveRecord: 0.0ms)


Started GET "/articles/new" for 127.0.0.1 at 2018-03-19 12:43:39 +0530
Processing by ArticlesController#new as HTML
  Rendering articles/new.html.erb within layouts/application
  Rendered shared/_errors.html.erb (0.5ms)
  Rendered articles/_form.html.erb (19.0ms)
  Rendered articles/new.html.erb within layouts/application (21.2ms)
  Rendered layouts/_navigation.html.erb (0.7ms)
  Rendered layouts/_messages.html.erb (0.4ms)
Completed 200 OK in 91ms (Views: 75.6ms | ActiveRecord: 0.6ms)


Started GET "/" for 127.0.0.1 at 2018-03-19 12:44:18 +0530
Processing by WelcomeController#index as HTML
  Rendering welcome/index.html.erb within layouts/application
  Rendered welcome/index.html.erb within layouts/application (1.2ms)
  Rendered layouts/_navigation.html.erb (0.7ms)
  Rendered layouts/_messages.html.erb (0.4ms)
Completed 200 OK in 46ms (Views: 45.3ms | ActiveRecord: 0.0ms)


